2023-04-27 05:30:21 chunk7.pkl
2023-04-27 05:30:29 Detecting language
2023-04-27 05:37:37 {'English': 601630, 'Hindi-Latin': 133114, 'Hindi': 248811, 'Gujarati': 8742, 'Tamil': 2125, 'Kannada': 1941, 'Bengali': 1390, 'Telugu': 760, 'Punjabi': 312, 'Odia': 193}
2023-04-27 05:37:37 chunk1.pkl
2023-04-27 05:37:44 Detecting language
2023-04-27 05:44:23 {'English': 741412, 'Hindi-Latin': 156997, 'Hindi': 97298, 'Gujarati': 878, 'Tamil': 510, 'Kannada': 281, 'Bengali': 40, 'Telugu': 59, 'Punjabi': 13, 'Odia': 25}
2023-04-27 05:44:23 chunk8.pkl
2023-04-27 05:44:30 Detecting language
2023-04-27 05:52:02 {'English': 670635, 'Hindi-Latin': 102832, 'Hindi': 210180, 'Gujarati': 8181, 'Tamil': 2749, 'Kannada': 1526, 'Bengali': 1949, 'Telugu': 596, 'Punjabi': 157, 'Odia': 176}
2023-04-27 05:52:02 chunk4.pkl
2023-04-27 05:52:05 Detecting language
2023-04-27 05:52:21 {'English': 715669, 'Hindi-Latin': 282585, 'Hindi': 1090, 'Gujarati': 8181, 'Tamil': 2749, 'Kannada': 1526, 'Bengali': 1949, 'Telugu': 596, 'Punjabi': 157, 'Odia': 176}
2023-04-27 05:52:21 chunk2.pkl
2023-04-27 05:52:27 Detecting language
2023-04-27 05:56:58 chunk7.pkl
2023-04-27 05:57:05 Detecting language
2023-04-27 06:04:13 [{'English': 601630, 'Hindi-Latin': 133114, 'Hindi': 248811, 'Gujarati': 8742, 'Tamil': 2125, 'Kannada': 1941, 'Bengali': 1390, 'Telugu': 760, 'Punjabi': 312, 'Odia': 193}]
2023-04-27 06:04:13 chunk1.pkl
2023-04-27 06:04:18 Detecting language
2023-04-27 06:10:54 [{'English': 601630, 'Hindi-Latin': 133114, 'Hindi': 248811, 'Gujarati': 8742, 'Tamil': 2125, 'Kannada': 1941, 'Bengali': 1390, 'Telugu': 760, 'Punjabi': 312, 'Odia': 193}, {'English': 741412, 'Hindi-Latin': 156997, 'Hindi': 97298, 'Gujarati': 878, 'Tamil': 510, 'Kannada': 281, 'Telugu': 59, 'Bengali': 40, 'Odia': 25, 'Punjabi': 13}]
2023-04-27 06:10:54 chunk8.pkl
2023-04-27 06:11:01 Detecting language
2023-04-27 06:18:21 [{'English': 601630, 'Hindi-Latin': 133114, 'Hindi': 248811, 'Gujarati': 8742, 'Tamil': 2125, 'Kannada': 1941, 'Bengali': 1390, 'Telugu': 760, 'Punjabi': 312, 'Odia': 193}, {'English': 741412, 'Hindi-Latin': 156997, 'Hindi': 97298, 'Gujarati': 878, 'Tamil': 510, 'Kannada': 281, 'Telugu': 59, 'Bengali': 40, 'Odia': 25, 'Punjabi': 13}, {'English': 670635, 'Hindi-Latin': 102832, 'Hindi': 210180, 'Gujarati': 8181, 'Tamil': 2749, 'Bengali': 1949, 'Kannada': 1526, 'Telugu': 596, 'Odia': 176, 'Punjabi': 157}]
2023-04-27 06:18:21 chunk4.pkl
2023-04-27 06:18:25 Detecting language
2023-04-27 06:18:40 [{'English': 601630, 'Hindi-Latin': 133114, 'Hindi': 248811, 'Gujarati': 8742, 'Tamil': 2125, 'Kannada': 1941, 'Bengali': 1390, 'Telugu': 760, 'Punjabi': 312, 'Odia': 193}, {'English': 741412, 'Hindi-Latin': 156997, 'Hindi': 97298, 'Gujarati': 878, 'Tamil': 510, 'Kannada': 281, 'Telugu': 59, 'Bengali': 40, 'Odia': 25, 'Punjabi': 13}, {'English': 670635, 'Hindi-Latin': 102832, 'Hindi': 210180, 'Gujarati': 8181, 'Tamil': 2749, 'Bengali': 1949, 'Kannada': 1526, 'Telugu': 596, 'Odia': 176, 'Punjabi': 157}, {'English': 715669, 'Hindi-Latin': 282585, 'Hindi': 1090}]
2023-04-27 06:18:40 chunk2.pkl
2023-04-27 06:18:47 Detecting language
2023-04-27 06:25:57 [{'English': 601630, 'Hindi-Latin': 133114, 'Hindi': 248811, 'Gujarati': 8742, 'Tamil': 2125, 'Kannada': 1941, 'Bengali': 1390, 'Telugu': 760, 'Punjabi': 312, 'Odia': 193}, {'English': 741412, 'Hindi-Latin': 156997, 'Hindi': 97298, 'Gujarati': 878, 'Tamil': 510, 'Kannada': 281, 'Telugu': 59, 'Bengali': 40, 'Odia': 25, 'Punjabi': 13}, {'English': 670635, 'Hindi-Latin': 102832, 'Hindi': 210180, 'Gujarati': 8181, 'Tamil': 2749, 'Bengali': 1949, 'Kannada': 1526, 'Telugu': 596, 'Odia': 176, 'Punjabi': 157}, {'English': 715669, 'Hindi-Latin': 282585, 'Hindi': 1090}, {'English': 721575, 'Hindi-Latin': 80197, 'Hindi': 162953, 'Gujarati': 28580, 'Tamil': 2660, 'Kannada': 1869, 'Telugu': 438, 'Punjabi': 200, 'Bengali': 158, 'Odia': 93}]
2023-04-27 06:25:57 chunk6.pkl
2023-04-27 06:26:15 Detecting language
2023-04-27 06:34:13 [{'English': 601630, 'Hindi-Latin': 133114, 'Hindi': 248811, 'Gujarati': 8742, 'Tamil': 2125, 'Kannada': 1941, 'Bengali': 1390, 'Telugu': 760, 'Punjabi': 312, 'Odia': 193}, {'English': 741412, 'Hindi-Latin': 156997, 'Hindi': 97298, 'Gujarati': 878, 'Tamil': 510, 'Kannada': 281, 'Telugu': 59, 'Bengali': 40, 'Odia': 25, 'Punjabi': 13}, {'English': 670635, 'Hindi-Latin': 102832, 'Hindi': 210180, 'Gujarati': 8181, 'Tamil': 2749, 'Bengali': 1949, 'Kannada': 1526, 'Telugu': 596, 'Odia': 176, 'Punjabi': 157}, {'English': 715669, 'Hindi-Latin': 282585, 'Hindi': 1090}, {'English': 721575, 'Hindi-Latin': 80197, 'Hindi': 162953, 'Gujarati': 28580, 'Tamil': 2660, 'Kannada': 1869, 'Telugu': 438, 'Punjabi': 200, 'Bengali': 158, 'Odia': 93}, {'English': 654326, 'Hindi-Latin': 129359, 'Hindi': 201739, 'Gujarati': 7368, 'Kannada': 2542, 'Tamil': 1511, 'Bengali': 1462, 'Telugu': 848, 'Punjabi': 289, 'Odia': 156}]
2023-04-27 06:34:13 chunk0.pkl
2023-04-27 06:34:19 Detecting language
2023-04-27 06:41:25 [{'English': 601630, 'Hindi-Latin': 133114, 'Hindi': 248811, 'Gujarati': 8742, 'Tamil': 2125, 'Kannada': 1941, 'Bengali': 1390, 'Telugu': 760, 'Punjabi': 312, 'Odia': 193}, {'English': 741412, 'Hindi-Latin': 156997, 'Hindi': 97298, 'Gujarati': 878, 'Tamil': 510, 'Kannada': 281, 'Telugu': 59, 'Bengali': 40, 'Odia': 25, 'Punjabi': 13}, {'English': 670635, 'Hindi-Latin': 102832, 'Hindi': 210180, 'Gujarati': 8181, 'Tamil': 2749, 'Bengali': 1949, 'Kannada': 1526, 'Telugu': 596, 'Odia': 176, 'Punjabi': 157}, {'English': 715669, 'Hindi-Latin': 282585, 'Hindi': 1090}, {'English': 721575, 'Hindi-Latin': 80197, 'Hindi': 162953, 'Gujarati': 28580, 'Tamil': 2660, 'Kannada': 1869, 'Telugu': 438, 'Punjabi': 200, 'Bengali': 158, 'Odia': 93}, {'English': 654326, 'Hindi-Latin': 129359, 'Hindi': 201739, 'Gujarati': 7368, 'Kannada': 2542, 'Tamil': 1511, 'Bengali': 1462, 'Telugu': 848, 'Punjabi': 289, 'Odia': 156}, {'English': 693517, 'Hindi-Latin': 177969, 'Hindi': 125739, 'Gujarati': 1124, 'Tamil': 398, 'Kannada': 209, 'Telugu': 73, 'Bengali': 34, 'Punjabi': 19, 'Odia': 11}]
2023-04-27 06:41:25 chunk5.pkl
2023-04-27 06:41:29 Detecting language
2023-04-27 06:44:16 [{'English': 601630, 'Hindi-Latin': 133114, 'Hindi': 248811, 'Gujarati': 8742, 'Tamil': 2125, 'Kannada': 1941, 'Bengali': 1390, 'Telugu': 760, 'Punjabi': 312, 'Odia': 193}, {'English': 741412, 'Hindi-Latin': 156997, 'Hindi': 97298, 'Gujarati': 878, 'Tamil': 510, 'Kannada': 281, 'Telugu': 59, 'Bengali': 40, 'Odia': 25, 'Punjabi': 13}, {'English': 670635, 'Hindi-Latin': 102832, 'Hindi': 210180, 'Gujarati': 8181, 'Tamil': 2749, 'Bengali': 1949, 'Kannada': 1526, 'Telugu': 596, 'Odia': 176, 'Punjabi': 157}, {'English': 715669, 'Hindi-Latin': 282585, 'Hindi': 1090}, {'English': 721575, 'Hindi-Latin': 80197, 'Hindi': 162953, 'Gujarati': 28580, 'Tamil': 2660, 'Kannada': 1869, 'Telugu': 438, 'Punjabi': 200, 'Bengali': 158, 'Odia': 93}, {'English': 654326, 'Hindi-Latin': 129359, 'Hindi': 201739, 'Gujarati': 7368, 'Kannada': 2542, 'Tamil': 1511, 'Bengali': 1462, 'Telugu': 848, 'Punjabi': 289, 'Odia': 156}, {'English': 693517, 'Hindi-Latin': 177969, 'Hindi': 125739, 'Gujarati': 1124, 'Tamil': 398, 'Kannada': 209, 'Telugu': 73, 'Bengali': 34, 'Punjabi': 19, 'Odia': 11}, {'English': 512004, 'Hindi-Latin': 447779, 'Hindi': 39584, 'Gujarati': 77, 'Tamil': 30, 'Bengali': 26, 'Telugu': 19, 'Kannada': 9, 'Punjabi': 4, 'Odia': 1}]
2023-04-27 06:44:16 chunk9.pkl
2023-04-27 06:44:27 Detecting language
2023-04-27 06:47:56 [{'English': 601630, 'Hindi-Latin': 133114, 'Hindi': 248811, 'Gujarati': 8742, 'Tamil': 2125, 'Kannada': 1941, 'Bengali': 1390, 'Telugu': 760, 'Punjabi': 312, 'Odia': 193}, {'English': 741412, 'Hindi-Latin': 156997, 'Hindi': 97298, 'Gujarati': 878, 'Tamil': 510, 'Kannada': 281, 'Telugu': 59, 'Bengali': 40, 'Odia': 25, 'Punjabi': 13}, {'English': 670635, 'Hindi-Latin': 102832, 'Hindi': 210180, 'Gujarati': 8181, 'Tamil': 2749, 'Bengali': 1949, 'Kannada': 1526, 'Telugu': 596, 'Odia': 176, 'Punjabi': 157}, {'English': 715669, 'Hindi-Latin': 282585, 'Hindi': 1090}, {'English': 721575, 'Hindi-Latin': 80197, 'Hindi': 162953, 'Gujarati': 28580, 'Tamil': 2660, 'Kannada': 1869, 'Telugu': 438, 'Punjabi': 200, 'Bengali': 158, 'Odia': 93}, {'English': 654326, 'Hindi-Latin': 129359, 'Hindi': 201739, 'Gujarati': 7368, 'Kannada': 2542, 'Tamil': 1511, 'Bengali': 1462, 'Telugu': 848, 'Punjabi': 289, 'Odia': 156}, {'English': 693517, 'Hindi-Latin': 177969, 'Hindi': 125739, 'Gujarati': 1124, 'Tamil': 398, 'Kannada': 209, 'Telugu': 73, 'Bengali': 34, 'Punjabi': 19, 'Odia': 11}, {'English': 512004, 'Hindi-Latin': 447779, 'Hindi': 39584, 'Gujarati': 77, 'Tamil': 30, 'Bengali': 26, 'Telugu': 19, 'Kannada': 9, 'Punjabi': 4, 'Odia': 1}, {'English': 277710, 'Hindi-Latin': 37300, 'Hindi': 92353, 'Gujarati': 3151, 'Tamil': 1474, 'Telugu': 464, 'Kannada': 448, 'Bengali': 199, 'Odia': 87, 'Punjabi': 67}]
2023-04-27 06:47:56 chunk3.pkl
2023-04-27 06:48:07 Detecting language
2023-04-27 06:53:40 [{'English': 601630, 'Hindi-Latin': 133114, 'Hindi': 248811, 'Gujarati': 8742, 'Tamil': 2125, 'Kannada': 1941, 'Bengali': 1390, 'Telugu': 760, 'Punjabi': 312, 'Odia': 193}, {'English': 741412, 'Hindi-Latin': 156997, 'Hindi': 97298, 'Gujarati': 878, 'Tamil': 510, 'Kannada': 281, 'Telugu': 59, 'Bengali': 40, 'Odia': 25, 'Punjabi': 13}, {'English': 670635, 'Hindi-Latin': 102832, 'Hindi': 210180, 'Gujarati': 8181, 'Tamil': 2749, 'Bengali': 1949, 'Kannada': 1526, 'Telugu': 596, 'Odia': 176, 'Punjabi': 157}, {'English': 715669, 'Hindi-Latin': 282585, 'Hindi': 1090}, {'English': 721575, 'Hindi-Latin': 80197, 'Hindi': 162953, 'Gujarati': 28580, 'Tamil': 2660, 'Kannada': 1869, 'Telugu': 438, 'Punjabi': 200, 'Bengali': 158, 'Odia': 93}, {'English': 654326, 'Hindi-Latin': 129359, 'Hindi': 201739, 'Gujarati': 7368, 'Kannada': 2542, 'Tamil': 1511, 'Bengali': 1462, 'Telugu': 848, 'Punjabi': 289, 'Odia': 156}, {'English': 693517, 'Hindi-Latin': 177969, 'Hindi': 125739, 'Gujarati': 1124, 'Tamil': 398, 'Kannada': 209, 'Telugu': 73, 'Bengali': 34, 'Punjabi': 19, 'Odia': 11}, {'English': 512004, 'Hindi-Latin': 447779, 'Hindi': 39584, 'Gujarati': 77, 'Tamil': 30, 'Bengali': 26, 'Telugu': 19, 'Kannada': 9, 'Punjabi': 4, 'Odia': 1}, {'English': 277710, 'Hindi-Latin': 37300, 'Hindi': 92353, 'Gujarati': 3151, 'Tamil': 1474, 'Telugu': 464, 'Kannada': 448, 'Bengali': 199, 'Odia': 87, 'Punjabi': 67}, {'English': 672682, 'Hindi-Latin': 258595, 'Hindi': 66892, 'Gujarati': 687, 'Tamil': 445, 'Kannada': 206, 'Telugu': 37, 'Bengali': 29, 'Punjabi': 29, 'Odia': 25}]
